<?xml version="1.0" encoding="UTF-8"?>
<!-- Generated by org.testng.reporters.JUnitReportReporter -->
<testsuite hostname="SSRIVASTAVLT2" name="testNG.TestDependency" tests="2" failures="0" timestamp="21 Jan 2020 14:16:36 GMT" time="21.377" errors="0">
  <testcase name="openBrowser" time="14.899" classname="testNG.TestDependency"/>
  <testcase name="login" time="6.478" classname="testNG.TestDependency"/>
</testsuite> <!-- testNG.TestDependency -->
