<?xml version="1.0" encoding="UTF-8"?>
<!-- Generated by org.testng.reporters.JUnitReportReporter -->
<testsuite skipped="0" hostname="SSRIVASTAVLT2" name="testNG.TestAnnotations" tests="2" failures="0" timestamp="20 Jan 2020 19:10:22 GMT" time="0.007" errors="0">
  <testcase name="f2" time="0.003" classname="testNG.TestAnnotations"/>
  <testcase name="f1" time="0.004" classname="testNG.TestAnnotations"/>
</testsuite> <!-- testNG.TestAnnotations -->
