<?xml version="1.0" encoding="UTF-8"?>
<!-- Generated by org.testng.reporters.JUnitReportReporter -->
<testsuite skipped="0" hostname="SSRIVASTAVLT2" name="testNG.TestDependency" tests="2" failures="0" timestamp="20 Jan 2020 19:10:22 GMT" time="22.562" errors="0">
  <testcase name="login" time="1.358" classname="testNG.TestDependency"/>
  <testcase name="openBrowser" time="21.204" classname="testNG.TestDependency"/>
</testsuite> <!-- testNG.TestDependency -->
