<?xml version="1.0" encoding="UTF-8"?>
<!-- Generated by org.testng.reporters.JUnitReportReporter -->
<testsuite hostname="SSRIVASTAVLT2" name="testNG.TestAnnotations" tests="2" failures="0" timestamp="21 Jan 2020 14:16:36 GMT" time="0.020" errors="0">
  <testcase name="f2" time="0.014" classname="testNG.TestAnnotations"/>
  <testcase name="f1" time="0.006" classname="testNG.TestAnnotations"/>
</testsuite> <!-- testNG.TestAnnotations -->
